<?xml version="1.0" encoding="UTF-8"?>
<testsuite xmlns:xsi="http://www.w3.org/2001/XMLSchema-instance" xsi:noNamespaceSchemaLocation="https://maven.apache.org/surefire/maven-surefire-plugin/xsd/surefire-test-report-3.0.xsd" version="3.0" name="edu.brown.cs.student.broadbandTests.BroadbandHandlerTest" time="0.715" tests="7" errors="0" skipped="0" failures="0">
  <properties>
    <property name="java.specification.version" value="20"/>
    <property name="sun.jnu.encoding" value="UTF-8"/>
    <property name="java.class.path" value="/Users/21kenn/Desktop/cs0320/maps-jmokkama-tngampra/back/target/test-classes:/Users/21kenn/Desktop/cs0320/maps-jmokkama-tngampra/back/target/classes:/Users/21kenn/.m2/repository/com/squareup/moshi/moshi/1.13.0/moshi-1.13.0.jar:/Users/21kenn/.m2/repository/com/squareup/okio/okio/2.10.0/okio-2.10.0.jar:/Users/21kenn/.m2/repository/org/jetbrains/kotlin/kotlin-stdlib/1.4.20/kotlin-stdlib-1.4.20.jar:/Users/21kenn/.m2/repository/org/jetbrains/annotations/13.0/annotations-13.0.jar:/Users/21kenn/.m2/repository/org/jetbrains/kotlin/kotlin-stdlib-common/1.4.20/kotlin-stdlib-common-1.4.20.jar:/Users/21kenn/.m2/repository/org/jetbrains/kotlin/kotlin-stdlib-jdk8/1.6.0/kotlin-stdlib-jdk8-1.6.0.jar:/Users/21kenn/.m2/repository/org/jetbrains/kotlin/kotlin-stdlib-jdk7/1.6.0/kotlin-stdlib-jdk7-1.6.0.jar:/Users/21kenn/.m2/repository/com/squareup/moshi/moshi-adapters/1.13.0/moshi-adapters-1.13.0.jar:/Users/21kenn/.m2/repository/com/sparkjava/spark-core/2.9.3/spark-core-2.9.3.jar:/Users/21kenn/.m2/repository/org/slf4j/slf4j-api/1.7.25/slf4j-api-1.7.25.jar:/Users/21kenn/.m2/repository/org/eclipse/jetty/jetty-server/9.4.31.v20200723/jetty-server-9.4.31.v20200723.jar:/Users/21kenn/.m2/repository/javax/servlet/javax.servlet-api/3.1.0/javax.servlet-api-3.1.0.jar:/Users/21kenn/.m2/repository/org/eclipse/jetty/jetty-http/9.4.31.v20200723/jetty-http-9.4.31.v20200723.jar:/Users/21kenn/.m2/repository/org/eclipse/jetty/jetty-util/9.4.31.v20200723/jetty-util-9.4.31.v20200723.jar:/Users/21kenn/.m2/repository/org/eclipse/jetty/jetty-io/9.4.31.v20200723/jetty-io-9.4.31.v20200723.jar:/Users/21kenn/.m2/repository/org/eclipse/jetty/jetty-webapp/9.4.31.v20200723/jetty-webapp-9.4.31.v20200723.jar:/Users/21kenn/.m2/repository/org/eclipse/jetty/jetty-xml/9.4.31.v20200723/jetty-xml-9.4.31.v20200723.jar:/Users/21kenn/.m2/repository/org/eclipse/jetty/jetty-servlet/9.4.31.v20200723/jetty-servlet-9.4.31.v20200723.jar:/Users/21kenn/.m2/repository/org/eclipse/jetty/jetty-security/9.4.31.v20200723/jetty-security-9.4.31.v20200723.jar:/Users/21kenn/.m2/repository/org/eclipse/jetty/websocket/websocket-server/9.4.31.v20200723/websocket-server-9.4.31.v20200723.jar:/Users/21kenn/.m2/repository/org/eclipse/jetty/websocket/websocket-common/9.4.31.v20200723/websocket-common-9.4.31.v20200723.jar:/Users/21kenn/.m2/repository/org/eclipse/jetty/websocket/websocket-client/9.4.31.v20200723/websocket-client-9.4.31.v20200723.jar:/Users/21kenn/.m2/repository/org/eclipse/jetty/jetty-client/9.4.31.v20200723/jetty-client-9.4.31.v20200723.jar:/Users/21kenn/.m2/repository/org/eclipse/jetty/websocket/websocket-servlet/9.4.31.v20200723/websocket-servlet-9.4.31.v20200723.jar:/Users/21kenn/.m2/repository/org/eclipse/jetty/websocket/websocket-api/9.4.31.v20200723/websocket-api-9.4.31.v20200723.jar:/Users/21kenn/.m2/repository/org/junit/jupiter/junit-jupiter-engine/5.4.0/junit-jupiter-engine-5.4.0.jar:/Users/21kenn/.m2/repository/org/apiguardian/apiguardian-api/1.0.0/apiguardian-api-1.0.0.jar:/Users/21kenn/.m2/repository/org/junit/platform/junit-platform-engine/1.4.0/junit-platform-engine-1.4.0.jar:/Users/21kenn/.m2/repository/org/opentest4j/opentest4j/1.1.1/opentest4j-1.1.1.jar:/Users/21kenn/.m2/repository/org/junit/platform/junit-platform-commons/1.4.0/junit-platform-commons-1.4.0.jar:/Users/21kenn/.m2/repository/org/junit/jupiter/junit-jupiter-api/5.4.0/junit-jupiter-api-5.4.0.jar:/Users/21kenn/.m2/repository/com/google/guava/guava/31.1-jre/guava-31.1-jre.jar:/Users/21kenn/.m2/repository/com/google/guava/failureaccess/1.0.1/failureaccess-1.0.1.jar:/Users/21kenn/.m2/repository/com/google/guava/listenablefuture/9999.0-empty-to-avoid-conflict-with-guava/listenablefuture-9999.0-empty-to-avoid-conflict-with-guava.jar:/Users/21kenn/.m2/repository/com/google/code/findbugs/jsr305/3.0.2/jsr305-3.0.2.jar:/Users/21kenn/.m2/repository/org/checkerframework/checker-qual/3.12.0/checker-qual-3.12.0.jar:/Users/21kenn/.m2/repository/com/google/errorprone/error_prone_annotations/2.11.0/error_prone_annotations-2.11.0.jar:/Users/21kenn/.m2/repository/com/google/j2objc/j2objc-annotations/1.3/j2objc-annotations-1.3.jar:/Users/21kenn/.m2/repository/org/apache/commons/commons-lang3/3.12.0/commons-lang3-3.12.0.jar:"/>
    <property name="java.vm.vendor" value="Homebrew"/>
    <property name="sun.arch.data.model" value="64"/>
    <property name="java.vendor.url" value="https://github.com/Homebrew/homebrew-core/issues"/>
    <property name="os.name" value="Mac OS X"/>
    <property name="java.vm.specification.version" value="20"/>
    <property name="sun.java.launcher" value="SUN_STANDARD"/>
    <property name="user.country" value="US"/>
    <property name="sun.boot.library.path" value="/usr/local/Cellar/openjdk/20.0.2/libexec/openjdk.jdk/Contents/Home/lib"/>
    <property name="sun.java.command" value="/Users/21kenn/Desktop/cs0320/maps-jmokkama-tngampra/back/target/surefire/surefirebooter-20231108230342187_3.jar /Users/21kenn/Desktop/cs0320/maps-jmokkama-tngampra/back/target/surefire 2023-11-08T23-03-41_606-jvmRun1 surefire-20231108230342187_1tmp surefire_0-20231108230342187_2tmp"/>
    <property name="http.nonProxyHosts" value="local|*.local|169.254/16|*.169.254/16"/>
    <property name="jdk.debug" value="release"/>
    <property name="surefire.test.class.path" value="/Users/21kenn/Desktop/cs0320/maps-jmokkama-tngampra/back/target/test-classes:/Users/21kenn/Desktop/cs0320/maps-jmokkama-tngampra/back/target/classes:/Users/21kenn/.m2/repository/com/squareup/moshi/moshi/1.13.0/moshi-1.13.0.jar:/Users/21kenn/.m2/repository/com/squareup/okio/okio/2.10.0/okio-2.10.0.jar:/Users/21kenn/.m2/repository/org/jetbrains/kotlin/kotlin-stdlib/1.4.20/kotlin-stdlib-1.4.20.jar:/Users/21kenn/.m2/repository/org/jetbrains/annotations/13.0/annotations-13.0.jar:/Users/21kenn/.m2/repository/org/jetbrains/kotlin/kotlin-stdlib-common/1.4.20/kotlin-stdlib-common-1.4.20.jar:/Users/21kenn/.m2/repository/org/jetbrains/kotlin/kotlin-stdlib-jdk8/1.6.0/kotlin-stdlib-jdk8-1.6.0.jar:/Users/21kenn/.m2/repository/org/jetbrains/kotlin/kotlin-stdlib-jdk7/1.6.0/kotlin-stdlib-jdk7-1.6.0.jar:/Users/21kenn/.m2/repository/com/squareup/moshi/moshi-adapters/1.13.0/moshi-adapters-1.13.0.jar:/Users/21kenn/.m2/repository/com/sparkjava/spark-core/2.9.3/spark-core-2.9.3.jar:/Users/21kenn/.m2/repository/org/slf4j/slf4j-api/1.7.25/slf4j-api-1.7.25.jar:/Users/21kenn/.m2/repository/org/eclipse/jetty/jetty-server/9.4.31.v20200723/jetty-server-9.4.31.v20200723.jar:/Users/21kenn/.m2/repository/javax/servlet/javax.servlet-api/3.1.0/javax.servlet-api-3.1.0.jar:/Users/21kenn/.m2/repository/org/eclipse/jetty/jetty-http/9.4.31.v20200723/jetty-http-9.4.31.v20200723.jar:/Users/21kenn/.m2/repository/org/eclipse/jetty/jetty-util/9.4.31.v20200723/jetty-util-9.4.31.v20200723.jar:/Users/21kenn/.m2/repository/org/eclipse/jetty/jetty-io/9.4.31.v20200723/jetty-io-9.4.31.v20200723.jar:/Users/21kenn/.m2/repository/org/eclipse/jetty/jetty-webapp/9.4.31.v20200723/jetty-webapp-9.4.31.v20200723.jar:/Users/21kenn/.m2/repository/org/eclipse/jetty/jetty-xml/9.4.31.v20200723/jetty-xml-9.4.31.v20200723.jar:/Users/21kenn/.m2/repository/org/eclipse/jetty/jetty-servlet/9.4.31.v20200723/jetty-servlet-9.4.31.v20200723.jar:/Users/21kenn/.m2/repository/org/eclipse/jetty/jetty-security/9.4.31.v20200723/jetty-security-9.4.31.v20200723.jar:/Users/21kenn/.m2/repository/org/eclipse/jetty/websocket/websocket-server/9.4.31.v20200723/websocket-server-9.4.31.v20200723.jar:/Users/21kenn/.m2/repository/org/eclipse/jetty/websocket/websocket-common/9.4.31.v20200723/websocket-common-9.4.31.v20200723.jar:/Users/21kenn/.m2/repository/org/eclipse/jetty/websocket/websocket-client/9.4.31.v20200723/websocket-client-9.4.31.v20200723.jar:/Users/21kenn/.m2/repository/org/eclipse/jetty/jetty-client/9.4.31.v20200723/jetty-client-9.4.31.v20200723.jar:/Users/21kenn/.m2/repository/org/eclipse/jetty/websocket/websocket-servlet/9.4.31.v20200723/websocket-servlet-9.4.31.v20200723.jar:/Users/21kenn/.m2/repository/org/eclipse/jetty/websocket/websocket-api/9.4.31.v20200723/websocket-api-9.4.31.v20200723.jar:/Users/21kenn/.m2/repository/org/junit/jupiter/junit-jupiter-engine/5.4.0/junit-jupiter-engine-5.4.0.jar:/Users/21kenn/.m2/repository/org/apiguardian/apiguardian-api/1.0.0/apiguardian-api-1.0.0.jar:/Users/21kenn/.m2/repository/org/junit/platform/junit-platform-engine/1.4.0/junit-platform-engine-1.4.0.jar:/Users/21kenn/.m2/repository/org/opentest4j/opentest4j/1.1.1/opentest4j-1.1.1.jar:/Users/21kenn/.m2/repository/org/junit/platform/junit-platform-commons/1.4.0/junit-platform-commons-1.4.0.jar:/Users/21kenn/.m2/repository/org/junit/jupiter/junit-jupiter-api/5.4.0/junit-jupiter-api-5.4.0.jar:/Users/21kenn/.m2/repository/com/google/guava/guava/31.1-jre/guava-31.1-jre.jar:/Users/21kenn/.m2/repository/com/google/guava/failureaccess/1.0.1/failureaccess-1.0.1.jar:/Users/21kenn/.m2/repository/com/google/guava/listenablefuture/9999.0-empty-to-avoid-conflict-with-guava/listenablefuture-9999.0-empty-to-avoid-conflict-with-guava.jar:/Users/21kenn/.m2/repository/com/google/code/findbugs/jsr305/3.0.2/jsr305-3.0.2.jar:/Users/21kenn/.m2/repository/org/checkerframework/checker-qual/3.12.0/checker-qual-3.12.0.jar:/Users/21kenn/.m2/repository/com/google/errorprone/error_prone_annotations/2.11.0/error_prone_annotations-2.11.0.jar:/Users/21kenn/.m2/repository/com/google/j2objc/j2objc-annotations/1.3/j2objc-annotations-1.3.jar:/Users/21kenn/.m2/repository/org/apache/commons/commons-lang3/3.12.0/commons-lang3-3.12.0.jar:"/>
    <property name="sun.cpu.endian" value="little"/>
    <property name="user.home" value="/Users/21kenn"/>
    <property name="user.language" value="en"/>
    <property name="java.specification.vendor" value="Oracle Corporation"/>
    <property name="java.version.date" value="2023-07-18"/>
    <property name="java.home" value="/usr/local/Cellar/openjdk/20.0.2/libexec/openjdk.jdk/Contents/Home"/>
    <property name="file.separator" value="/"/>
    <property name="basedir" value="/Users/21kenn/Desktop/cs0320/maps-jmokkama-tngampra/back"/>
    <property name="java.vm.compressedOopsMode" value="Zero based"/>
    <property name="line.separator" value="&#10;"/>
    <property name="java.vm.specification.vendor" value="Oracle Corporation"/>
    <property name="java.specification.name" value="Java Platform API Specification"/>
    <property name="apple.awt.application.name" value="ForkedBooter"/>
    <property name="surefire.real.class.path" value="/Users/21kenn/Desktop/cs0320/maps-jmokkama-tngampra/back/target/surefire/surefirebooter-20231108230342187_3.jar"/>
    <property name="sun.management.compiler" value="HotSpot 64-Bit Tiered Compilers"/>
    <property name="ftp.nonProxyHosts" value="local|*.local|169.254/16|*.169.254/16"/>
    <property name="java.runtime.version" value="20.0.2"/>
    <property name="user.name" value="21kenn"/>
    <property name="stdout.encoding" value="UTF-8"/>
    <property name="path.separator" value=":"/>
    <property name="os.version" value="11.2.3"/>
    <property name="java.runtime.name" value="OpenJDK Runtime Environment"/>
    <property name="file.encoding" value="UTF-8"/>
    <property name="java.vm.name" value="OpenJDK 64-Bit Server VM"/>
    <property name="java.vendor.version" value="Homebrew"/>
    <property name="localRepository" value="/Users/21kenn/.m2/repository"/>
    <property name="java.vendor.url.bug" value="https://github.com/Homebrew/homebrew-core/issues"/>
    <property name="jetty.git.hash" value="450ba27947e13e66baa8cd1ce7e85a4461cacc1d"/>
    <property name="java.io.tmpdir" value="/var/folders/n2/8s5b1rbj1kn2cv_z3wpt3sg80000gn/T/"/>
    <property name="java.version" value="20.0.2"/>
    <property name="user.dir" value="/Users/21kenn/Desktop/cs0320/maps-jmokkama-tngampra/back"/>
    <property name="os.arch" value="x86_64"/>
    <property name="java.vm.specification.name" value="Java Virtual Machine Specification"/>
    <property name="native.encoding" value="UTF-8"/>
    <property name="java.library.path" value="/Users/21kenn/Library/Java/Extensions:/Library/Java/Extensions:/Network/Library/Java/Extensions:/System/Library/Java/Extensions:/usr/lib/java:."/>
    <property name="java.vm.info" value="mixed mode, sharing"/>
    <property name="stderr.encoding" value="UTF-8"/>
    <property name="java.vendor" value="Homebrew"/>
    <property name="java.vm.version" value="20.0.2"/>
    <property name="sun.io.unicode.encoding" value="UnicodeBig"/>
    <property name="socksNonProxyHosts" value="local|*.local|169.254/16|*.169.254/16"/>
    <property name="java.class.version" value="64.0"/>
  </properties>
  <testcase name="testStateMissingInQuery" classname="edu.brown.cs.student.broadbandTests.BroadbandHandlerTest" time="0.533">
    <system-err><![CDATA[SLF4J: Failed to load class "org.slf4j.impl.StaticLoggerBinder".
SLF4J: Defaulting to no-operation (NOP) logger implementation
SLF4J: See http://www.slf4j.org/codes.html#StaticLoggerBinder for further details.
]]></system-err>
  </testcase>
  <testcase name="testCountyNotInState" classname="edu.brown.cs.student.broadbandTests.BroadbandHandlerTest" time="0.025"/>
  <testcase name="testBothMissingInQuery" classname="edu.brown.cs.student.broadbandTests.BroadbandHandlerTest" time="0.012"/>
  <testcase name="testCountyMissingInQuery" classname="edu.brown.cs.student.broadbandTests.BroadbandHandlerTest" time="0.019"/>
  <testcase name="testBasicSuccess" classname="edu.brown.cs.student.broadbandTests.BroadbandHandlerTest" time="0.04">
    <system-out><![CDATA[called load for: state: 06, county: 059
CacheStats{hitCount=0, missCount=1, loadSuccessCount=1, loadExceptionCount=0, totalLoadTime=2354000, evictionCount=0}
]]></system-out>
  </testcase>
  <testcase name="testStateDoesNotExist" classname="edu.brown.cs.student.broadbandTests.BroadbandHandlerTest" time="0.018"/>
  <testcase name="testSaveStateCode" classname="edu.brown.cs.student.broadbandTests.BroadbandHandlerTest" time="0.008"/>
</testsuite>